TN:
SF:Source material\src\add.js
FN:16,(anonymous_0)
FNF:1
FNH:1
FNDA:2,(anonymous_0)
DA:16,2
LF:1
LH:1
BRF:0
BRH:0
end_of_record
TN:
SF:Source material\src\capitalize.js
FN:17,(anonymous_0)
FNF:1
FNH:1
FNDA:6,(anonymous_0)
DA:17,6
LF:1
LH:1
BRF:0
BRH:0
end_of_record
TN:
SF:Source material\src\ceil.js
FNF:0
FNH:0
DA:22,1
LF:1
LH:1
BRF:0
BRH:0
end_of_record
TN:
SF:Source material\src\countBy.js
FN:29,countBy
FN:30,(anonymous_1)
FNF:2
FNH:2
FNDA:4,countBy
FNDA:13,(anonymous_1)
DA:5,1
DA:30,4
DA:31,13
DA:32,13
DA:33,5
DA:35,8
DA:37,13
LF:7
LH:7
BRDA:32,0,0,5
BRDA:32,0,1,8
BRF:2
BRH:2
end_of_record
TN:
SF:Source material\src\get.js
FN:27,get
FNF:1
FNH:1
FNDA:3,get
DA:28,3
DA:29,3
LF:2
LH:2
BRDA:28,0,0,0
BRDA:28,0,1,3
BRDA:29,1,0,1
BRDA:29,1,1,2
BRF:4
BRH:3
end_of_record
TN:
SF:Source material\src\isArguments.js
FN:19,isArguments
FNF:1
FNH:1
FNDA:1,isArguments
DA:20,1
LF:1
LH:1
BRDA:20,0,0,1
BRDA:20,0,1,1
BRF:2
BRH:2
end_of_record
TN:
SF:Source material\src\isArrayLike.js
FN:26,isArrayLike
FNF:1
FNH:1
FNDA:8,isArrayLike
DA:27,8
LF:1
LH:1
BRDA:27,0,0,8
BRDA:27,0,1,8
BRDA:27,0,2,8
BRF:3
BRH:3
end_of_record
TN:
SF:Source material\src\isArrayLikeObject.js
FN:27,isArrayLikeObject
FNF:1
FNH:1
FNDA:3,isArrayLikeObject
DA:28,3
LF:1
LH:1
BRDA:28,0,0,3
BRDA:28,0,1,2
BRF:2
BRH:2
end_of_record
TN:
SF:Source material\src\isBuffer.js
FN:33,(anonymous_0)
FNF:1
FNH:0
FNDA:0,(anonymous_0)
DA:4,2
DA:7,2
DA:10,2
DA:13,2
DA:16,2
DA:33,2
LF:6
LH:6
BRDA:4,0,0,2
BRDA:4,0,1,2
BRDA:4,0,2,2
BRDA:4,0,3,2
BRDA:7,1,0,2
BRDA:7,1,1,2
BRDA:7,1,2,2
BRDA:7,1,3,2
BRDA:7,1,4,2
BRDA:10,2,0,2
BRDA:10,2,1,2
BRDA:13,3,0,2
BRDA:13,3,1,0
BRDA:16,4,0,2
BRDA:16,4,1,0
BRDA:33,5,0,2
BRDA:33,5,1,0
BRF:17
BRH:14
end_of_record
TN:
SF:Source material\src\isEmpty.js
FN:45,isEmpty
FNF:1
FNH:1
FNDA:8,isEmpty
DA:9,1
DA:46,8
DA:47,2
DA:49,6
DA:52,3
DA:54,3
DA:55,3
DA:56,2
DA:58,1
DA:59,0
DA:61,1
DA:62,0
DA:63,0
DA:66,1
LF:14
LH:11
BRDA:46,0,0,2
BRDA:46,0,1,6
BRDA:49,1,0,3
BRDA:49,1,1,3
BRDA:49,2,0,6
BRDA:49,2,1,3
BRDA:49,2,2,2
BRDA:49,2,3,1
BRDA:49,2,4,1
BRDA:49,2,5,1
BRDA:49,2,6,1
BRDA:55,3,0,2
BRDA:55,3,1,1
BRDA:55,4,0,3
BRDA:55,4,1,2
BRDA:58,5,0,0
BRDA:58,5,1,1
BRDA:62,6,0,0
BRDA:62,6,1,0
BRF:19
BRH:16
end_of_record
TN:
SF:Source material\src\isLength.js
FN:28,isLength
FNF:1
FNH:1
FNDA:8,isLength
DA:2,3
DA:29,8
LF:2
LH:2
BRDA:29,0,0,8
BRDA:29,0,1,5
BRDA:29,0,2,5
BRDA:29,0,3,5
BRF:4
BRH:4
end_of_record
TN:
SF:Source material\src\isObjectLike.js
FN:23,isObjectLike
FNF:1
FNH:1
FNDA:4,isObjectLike
DA:24,4
LF:1
LH:1
BRDA:24,0,0,4
BRDA:24,0,1,3
BRF:2
BRH:2
end_of_record
TN:
SF:Source material\src\isSymbol.js
FN:18,isSymbol
FNF:1
FNH:1
FNDA:5,isSymbol
DA:19,5
DA:20,5
LF:2
LH:2
BRDA:20,0,0,5
BRDA:20,0,1,5
BRDA:20,0,2,1
BRDA:20,0,3,0
BRF:4
BRH:3
end_of_record
TN:
SF:Source material\src\isTypedArray.js
FN:27,(anonymous_0)
FN:28,(anonymous_1)
FNF:2
FNH:1
FNDA:1,(anonymous_0)
FNDA:0,(anonymous_1)
DA:6,2
DA:9,2
DA:26,2
DA:27,1
DA:28,0
LF:5
LH:4
BRDA:9,0,0,2
BRDA:9,0,1,2
BRDA:26,1,0,2
BRDA:26,1,1,0
BRDA:28,2,0,0
BRDA:28,2,1,0
BRF:6
BRH:3
end_of_record
TN:
SF:Source material\src\keys.js
FN:31,keys
FNF:1
FNH:0
FNDA:0,keys
DA:32,0
LF:1
LH:0
BRDA:32,0,0,0
BRDA:32,0,1,0
BRF:2
BRH:0
end_of_record
TN:
SF:Source material\src\memoize.js
FN:43,memoize
FN:47,(anonymous_1)
FNF:2
FNH:2
FNDA:1,memoize
FNDA:3,(anonymous_1)
DA:44,1
DA:45,0
DA:47,1
DA:48,3
DA:49,3
DA:51,3
DA:52,0
DA:54,3
DA:55,3
DA:56,3
DA:58,1
DA:59,1
DA:62,1
LF:13
LH:11
BRDA:44,0,0,0
BRDA:44,0,1,1
BRDA:44,1,0,1
BRDA:44,1,1,1
BRDA:44,1,2,1
BRDA:48,2,0,3
BRDA:48,2,1,0
BRDA:51,3,0,0
BRDA:51,3,1,3
BRDA:55,4,0,3
BRDA:55,4,1,0
BRDA:58,5,0,1
BRDA:58,5,1,0
BRF:13
BRH:8
end_of_record
TN:
SF:Source material\src\reduce.js
FN:38,reduce
FNF:1
FNH:1
FNDA:4,reduce
DA:39,4
DA:40,4
DA:41,4
LF:3
LH:3
BRDA:39,0,0,4
BRDA:39,0,1,0
BRF:2
BRH:1
end_of_record
TN:
SF:Source material\src\slice.js
FN:21,slice
FNF:1
FNH:0
FNDA:0,slice
DA:22,0
DA:23,0
DA:24,0
DA:26,0
DA:27,0
DA:29,0
DA:30,0
DA:32,0
DA:33,0
DA:35,0
DA:36,0
DA:38,0
DA:39,0
DA:40,0
DA:41,0
DA:43,0
LF:16
LH:0
BRDA:22,0,0,0
BRDA:22,0,1,0
BRDA:23,1,0,0
BRDA:23,1,1,0
BRDA:26,2,0,0
BRDA:26,2,1,0
BRDA:27,3,0,0
BRDA:27,3,1,0
BRDA:29,4,0,0
BRDA:29,4,1,0
BRDA:30,5,0,0
BRDA:30,5,1,0
BRDA:32,6,0,0
BRDA:32,6,1,0
BRDA:35,7,0,0
BRDA:35,7,1,0
BRF:16
BRH:0
end_of_record
TN:
SF:Source material\src\toString.js
FN:25,toString
FN:33,(anonymous_1)
FNF:2
FNH:1
FNDA:6,toString
FNDA:0,(anonymous_1)
DA:4,1
DA:28,6
DA:29,4
DA:31,2
DA:33,0
DA:35,2
DA:36,0
DA:38,2
DA:39,2
LF:9
LH:7
BRDA:28,0,0,4
BRDA:28,0,1,2
BRDA:31,1,0,0
BRDA:31,1,1,2
BRDA:33,2,0,0
BRDA:33,2,1,0
BRDA:35,3,0,0
BRDA:35,3,1,2
BRDA:39,4,0,0
BRDA:39,4,1,2
BRDA:39,5,0,2
BRDA:39,5,1,0
BRF:12
BRH:6
end_of_record
TN:
SF:Source material\src\upperFirst.js
FNF:0
FNH:0
DA:19,1
LF:1
LH:1
BRF:0
BRH:0
end_of_record
TN:
SF:Source material\src\.internal\arrayLikeKeys.js
FN:17,arrayLikeKeys
FNF:1
FNH:0
FNDA:0,arrayLikeKeys
DA:7,1
DA:18,0
DA:19,0
DA:20,0
DA:21,0
DA:22,0
DA:23,0
DA:24,0
DA:25,0
DA:26,0
DA:27,0
DA:29,0
DA:30,0
DA:37,0
DA:40,0
LF:15
LH:1
BRDA:19,0,0,0
BRDA:19,0,1,0
BRDA:20,1,0,0
BRDA:20,1,1,0
BRDA:20,1,2,0
BRDA:21,2,0,0
BRDA:21,2,1,0
BRDA:21,2,2,0
BRDA:21,2,3,0
BRDA:22,3,0,0
BRDA:22,3,1,0
BRDA:22,3,2,0
BRDA:22,3,3,0
BRDA:24,4,0,0
BRDA:24,4,1,0
BRDA:25,5,0,0
BRDA:25,5,1,0
BRDA:30,6,0,0
BRDA:30,6,1,0
BRDA:30,7,0,0
BRDA:30,7,1,0
BRDA:30,7,2,0
BRDA:31,8,0,0
BRDA:31,8,1,0
BRDA:31,8,2,0
BRF:25
BRH:0
end_of_record
TN:
SF:Source material\src\.internal\arrayReduce.js
FN:12,arrayReduce
FNF:1
FNH:1
FNDA:4,arrayReduce
DA:13,4
DA:14,4
DA:16,4
DA:17,0
DA:19,4
DA:20,13
DA:22,4
LF:7
LH:6
BRDA:14,0,0,0
BRDA:14,0,1,4
BRDA:16,1,0,0
BRDA:16,1,1,4
BRDA:16,2,0,4
BRDA:16,2,1,0
BRF:6
BRH:3
end_of_record
TN:
SF:Source material\src\.internal\asciiToArray.js
FN:8,asciiToArray
FNF:1
FNH:0
FNDA:0,asciiToArray
DA:9,0
LF:1
LH:0
BRF:0
BRH:0
end_of_record
TN:
SF:Source material\src\.internal\baseAssignValue.js
FN:10,baseAssignValue
FNF:1
FNH:1
FNDA:8,baseAssignValue
DA:11,8
DA:12,0
DA:19,8
LF:3
LH:2
BRDA:11,0,0,0
BRDA:11,0,1,8
BRF:2
BRH:1
end_of_record
TN:
SF:Source material\src\.internal\baseEach.js
FN:12,baseEach
FNF:1
FNH:0
FNDA:0,baseEach
DA:13,0
DA:14,0
DA:16,0
DA:17,0
DA:19,0
DA:20,0
DA:21,0
DA:23,0
DA:24,0
DA:25,0
DA:28,0
LF:11
LH:0
BRDA:13,0,0,0
BRDA:13,0,1,0
BRDA:16,1,0,0
BRDA:16,1,1,0
BRDA:24,2,0,0
BRDA:24,2,1,0
BRF:6
BRH:0
end_of_record
TN:
SF:Source material\src\.internal\baseFor.js
FN:12,baseFor
FNF:1
FNH:0
FNDA:0,baseFor
DA:13,0
DA:14,0
DA:15,0
DA:16,0
DA:18,0
DA:19,0
DA:20,0
DA:21,0
DA:24,0
LF:9
LH:0
BRDA:20,0,0,0
BRDA:20,0,1,0
BRF:2
BRH:0
end_of_record
TN:
SF:Source material\src\.internal\baseForOwn.js
FN:12,baseForOwn
FNF:1
FNH:0
FNDA:0,baseForOwn
DA:13,0
LF:1
LH:0
BRDA:13,0,0,0
BRDA:13,0,1,0
BRF:2
BRH:0
end_of_record
TN:
SF:Source material\src\.internal\baseGet.js
FN:12,baseGet
FNF:1
FNH:1
FNDA:3,baseGet
DA:13,3
DA:15,3
DA:16,3
DA:18,3
DA:19,10
DA:21,3
LF:6
LH:6
BRDA:18,0,0,13
BRDA:18,0,1,12
BRDA:21,1,0,2
BRDA:21,1,1,1
BRDA:21,2,0,3
BRDA:21,2,1,3
BRF:6
BRH:6
end_of_record
TN:
SF:Source material\src\.internal\baseReduce.js
FN:14,baseReduce
FN:15,(anonymous_1)
FNF:2
FNH:0
FNDA:0,baseReduce
FNDA:0,(anonymous_1)
DA:15,0
DA:16,0
DA:20,0
LF:3
LH:0
BRDA:16,0,0,0
BRDA:16,0,1,0
BRF:2
BRH:0
end_of_record
TN:
SF:Source material\src\.internal\baseToNumber.js
FN:14,baseToNumber
FNF:1
FNH:1
FNDA:4,baseToNumber
DA:4,1
DA:15,4
DA:16,4
DA:18,0
DA:19,0
DA:21,0
LF:6
LH:3
BRDA:15,0,0,4
BRDA:15,0,1,0
BRDA:18,1,0,0
BRDA:18,1,1,0
BRF:4
BRH:1
end_of_record
TN:
SF:Source material\src\.internal\baseToString.js
FN:17,baseToString
FNF:1
FNH:0
FNDA:0,baseToString
DA:4,1
DA:7,1
DA:19,0
DA:20,0
DA:22,0
DA:24,0
DA:26,0
DA:27,0
DA:29,0
DA:30,0
LF:10
LH:2
BRDA:19,0,0,0
BRDA:19,0,1,0
BRDA:22,1,0,0
BRDA:22,1,1,0
BRDA:26,2,0,0
BRDA:26,2,1,0
BRDA:27,3,0,0
BRDA:27,3,1,0
BRDA:30,4,0,0
BRDA:30,4,1,0
BRDA:30,5,0,0
BRDA:30,5,1,0
BRF:12
BRH:0
end_of_record
TN:
SF:Source material\src\.internal\castPath.js
FN:12,castPath
FNF:1
FNH:1
FNDA:3,castPath
DA:13,3
DA:14,0
DA:16,3
LF:3
LH:2
BRDA:13,0,0,0
BRDA:13,0,1,3
BRDA:16,1,0,0
BRDA:16,1,1,3
BRF:4
BRH:2
end_of_record
TN:
SF:Source material\src\.internal\castSlice.js
FN:12,castSlice
FNF:1
FNH:0
FNDA:0,castSlice
DA:13,0
DA:14,0
DA:15,0
LF:3
LH:0
BRDA:14,0,0,0
BRDA:14,0,1,0
BRDA:15,1,0,0
BRDA:15,1,1,0
BRDA:15,2,0,0
BRDA:15,2,1,0
BRF:6
BRH:0
end_of_record
TN:
SF:Source material\src\.internal\createCaseFirst.js
FN:12,createCaseFirst
FN:13,(anonymous_1)
FNF:2
FNH:2
FNDA:1,createCaseFirst
FNDA:6,(anonymous_1)
DA:13,1
DA:14,6
DA:15,1
DA:18,5
DA:22,5
DA:26,5
DA:30,5
LF:7
LH:7
BRDA:14,0,0,1
BRDA:14,0,1,5
BRDA:18,1,0,0
BRDA:18,1,1,5
BRDA:22,2,0,0
BRDA:22,2,1,5
BRDA:26,3,0,0
BRDA:26,3,1,5
BRF:8
BRH:5
end_of_record
TN:
SF:Source material\src\.internal\createMathOperation.js
FN:12,createMathOperation
FN:13,(anonymous_1)
FNF:2
FNH:2
FNDA:1,createMathOperation
FNDA:2,(anonymous_1)
DA:13,1
DA:14,2
DA:15,0
DA:17,2
DA:18,0
DA:20,2
DA:21,0
DA:23,2
DA:24,0
DA:25,0
DA:28,2
DA:29,2
DA:31,2
LF:13
LH:8
BRDA:14,0,0,0
BRDA:14,0,1,2
BRDA:14,1,0,2
BRDA:14,1,1,0
BRDA:17,2,0,0
BRDA:17,2,1,2
BRDA:17,3,0,2
BRDA:17,3,1,2
BRDA:20,4,0,0
BRDA:20,4,1,2
BRDA:20,5,0,2
BRDA:20,5,1,2
BRDA:23,6,0,0
BRDA:23,6,1,2
BRDA:23,7,0,2
BRDA:23,7,1,2
BRF:16
BRH:11
end_of_record
TN:
SF:Source material\src\.internal\createRound.js
FN:8,createRound
FN:10,(anonymous_1)
FNF:2
FNH:2
FNDA:1,createRound
FNDA:8,(anonymous_1)
DA:9,1
DA:10,1
DA:11,8
DA:12,8
DA:15,6
DA:16,6
DA:18,6
DA:19,6
DA:21,2
LF:9
LH:9
BRDA:11,0,0,2
BRDA:11,0,1,6
BRDA:11,1,0,3
BRDA:11,1,1,3
BRDA:12,2,0,6
BRDA:12,2,1,2
BRF:6
BRH:6
end_of_record
TN:
SF:Source material\src\.internal\freeGlobal.js
FNF:0
FNH:0
DA:2,2
LF:1
LH:1
BRDA:2,0,0,2
BRDA:2,0,1,2
BRDA:2,0,2,2
BRDA:2,0,3,2
BRF:4
BRH:4
end_of_record
TN:
SF:Source material\src\.internal\getTag.js
FN:10,getTag
FNF:1
FNH:1
FNDA:4,getTag
DA:1,5
DA:11,4
DA:12,0
DA:14,4
LF:4
LH:3
BRDA:11,0,0,0
BRDA:11,0,1,4
BRDA:12,1,0,0
BRDA:12,1,1,0
BRF:4
BRH:1
end_of_record
TN:
SF:Source material\src\.internal\hasUnicode.js
FN:24,hasUnicode
FNF:1
FNH:1
FNDA:5,hasUnicode
DA:2,1
DA:3,1
DA:4,1
DA:5,1
DA:6,1
DA:7,1
DA:8,1
DA:9,1
DA:12,1
DA:15,1
DA:25,5
LF:11
LH:11
BRF:0
BRH:0
end_of_record
TN:
SF:Source material\src\.internal\isIndex.js
FN:15,isIndex
FNF:1
FNH:0
FNDA:0,isIndex
DA:2,1
DA:5,1
DA:16,0
DA:17,0
DA:19,0
LF:5
LH:2
BRDA:17,0,0,0
BRDA:17,0,1,0
BRDA:19,1,0,0
BRDA:19,1,1,0
BRDA:19,1,2,0
BRDA:19,1,3,0
BRDA:19,1,4,0
BRDA:19,1,5,0
BRDA:19,1,6,0
BRF:9
BRH:0
end_of_record
TN:
SF:Source material\src\.internal\isKey.js
FN:15,isKey
FNF:1
FNH:1
FNDA:3,isKey
DA:4,1
DA:5,1
DA:16,3
DA:17,0
DA:19,3
DA:20,3
DA:21,0
DA:23,3
LF:8
LH:6
BRDA:16,0,0,0
BRDA:16,0,1,3
BRDA:20,1,0,0
BRDA:20,1,1,3
BRDA:20,2,0,3
BRDA:20,2,1,3
BRDA:20,2,2,3
BRDA:20,2,3,3
BRDA:23,3,0,3
BRDA:23,3,1,3
BRDA:23,3,2,3
BRDA:23,3,3,3
BRF:12
BRH:10
end_of_record
TN:
SF:Source material\src\.internal\isPrototype.js
FN:11,isPrototype
FNF:1
FNH:1
FNDA:1,isPrototype
DA:2,1
DA:12,1
DA:13,1
DA:15,1
LF:4
LH:4
BRDA:12,0,0,1
BRDA:12,0,1,1
BRDA:13,1,0,1
BRDA:13,1,1,1
BRDA:13,1,2,0
BRF:5
BRH:4
end_of_record
TN:
SF:Source material\src\.internal\memoizeCapped.js
FN:14,memoizeCapped
FN:15,(anonymous_1)
FNF:2
FNH:2
FNDA:1,memoizeCapped
FNDA:3,(anonymous_1)
DA:4,1
DA:15,1
DA:16,3
DA:17,3
DA:18,0
DA:20,3
DA:23,1
LF:7
LH:6
BRDA:17,0,0,0
BRDA:17,0,1,3
BRF:2
BRH:1
end_of_record
TN:
SF:Source material\src\.internal\nodeTypes.js
FN:16,(anonymous_0)
FNF:1
FNH:1
FNDA:2,(anonymous_0)
DA:4,2
DA:7,2
DA:10,2
DA:13,2
DA:16,2
DA:17,2
DA:20,2
DA:21,2
LF:8
LH:8
BRDA:4,0,0,2
BRDA:4,0,1,2
BRDA:4,0,2,2
BRDA:4,0,3,2
BRDA:7,1,0,2
BRDA:7,1,1,2
BRDA:7,1,2,2
BRDA:7,1,3,2
BRDA:7,1,4,2
BRDA:10,2,0,2
BRDA:10,2,1,2
BRDA:13,3,0,2
BRDA:13,3,1,2
BRDA:20,4,0,2
BRDA:20,4,1,2
BRDA:20,4,2,2
BRDA:21,5,0,2
BRDA:21,5,1,0
BRDA:24,6,0,0
BRDA:24,6,1,0
BRDA:24,6,2,0
BRF:21
BRH:17
end_of_record
TN:
SF:Source material\src\.internal\root.js
FNF:0
FNH:0
DA:5,2
DA:8,2
DA:11,2
LF:3
LH:3
BRDA:5,0,0,2
BRDA:5,0,1,2
BRDA:5,0,2,2
BRDA:5,0,3,2
BRDA:8,1,0,2
BRDA:8,1,1,0
BRDA:8,1,2,0
BRDA:8,1,3,0
BRDA:11,2,0,2
BRDA:11,2,1,0
BRDA:11,2,2,0
BRDA:11,2,3,0
BRF:12
BRH:6
end_of_record
TN:
SF:Source material\src\.internal\stringToArray.js
FN:12,stringToArray
FNF:1
FNH:0
FNDA:0,stringToArray
DA:13,0
LF:1
LH:0
BRDA:13,0,0,0
BRDA:13,0,1,0
BRF:2
BRH:0
end_of_record
TN:
SF:Source material\src\.internal\stringToPath.js
FN:26,(anonymous_0)
FN:31,(anonymous_1)
FNF:2
FNH:2
FNDA:3,(anonymous_0)
FNDA:11,(anonymous_1)
DA:3,1
DA:4,1
DA:5,1
DA:26,1
DA:27,3
DA:28,3
DA:29,0
DA:31,3
DA:32,11
DA:33,11
DA:34,0
DA:36,11
DA:37,2
DA:39,11
DA:41,3
LF:15
LH:13
BRDA:28,0,0,0
BRDA:28,0,1,3
BRDA:33,1,0,0
BRDA:33,1,1,11
BRDA:36,2,0,2
BRDA:36,2,1,9
BRF:6
BRH:4
end_of_record
TN:
SF:Source material\src\.internal\toKey.js
FN:13,toKey
FNF:1
FNH:1
FNDA:10,toKey
DA:4,1
DA:14,10
DA:15,10
DA:17,0
DA:18,0
LF:5
LH:3
BRDA:14,0,0,10
BRDA:14,0,1,0
BRDA:14,1,0,10
BRDA:14,1,1,0
BRDA:18,2,0,0
BRDA:18,2,1,0
BRDA:18,3,0,0
BRDA:18,3,1,0
BRF:8
BRH:2
end_of_record
TN:
SF:Source material\src\.internal\unicodeToArray.js
FN:39,unicodeToArray
FNF:1
FNH:0
FNDA:0,unicodeToArray
DA:2,1
DA:3,1
DA:4,1
DA:5,1
DA:6,1
DA:7,1
DA:8,1
DA:9,1
DA:12,1
DA:13,1
DA:14,1
DA:15,1
DA:16,1
DA:17,1
DA:18,1
DA:19,1
DA:22,1
DA:23,1
DA:24,1
DA:25,1
DA:26,1
DA:27,1
DA:30,1
DA:40,0
LF:24
LH:23
BRDA:40,0,0,0
BRDA:40,0,1,0
BRF:2
BRH:0
end_of_record
